<?xml version="1.0" encoding="UTF-8"?>
<testsuite xmlns:xsi="http://www.w3.org/2001/XMLSchema-instance" xsi:noNamespaceSchemaLocation="https://maven.apache.org/surefire/maven-surefire-plugin/xsd/surefire-test-report-3.0.xsd" version="3.0" name="hr.stanblog.stanblog.StanblogApplicationTests" time="4.792" tests="1" errors="0" skipped="0" failures="0">
  <properties>
[...]
</properties>
  <testcase name="contextLoads" classname="hr.stanblog.stanblog.StanblogApplicationTests" time="0.299">
    <system-out><![CDATA[17:05:01.437 [main] INFO org.springframework.test.context.support.AnnotationConfigContextLoaderUtils -- Could not detect default configuration classes for test class [hr.stanblog.stanblog.StanblogApplicationTests]: StanblogApplicationTests does not declare any static, non-private, non-final, nested classes annotated with @Configuration.
17:05:01.490 [main] INFO org.springframework.boot.test.context.SpringBootTestContextBootstrapper -- Found @SpringBootConfiguration hr.stanblog.stanblog.StanblogApplication for test class hr.stanblog.stanblog.StanblogApplicationTests

  .   ____          _            __ _ _
 /\\ / ___'_ __ _ _(_)_ __  __ _ \ \ \ \
( ( )\___ | '_ | '_| | '_ \/ _` | \ \ \ \
 \\/  ___)| |_)| | | | | || (_| |  ) ) ) )
  '  |____| .__|_| |_|_| |_\__, | / / / /
 =========|_|==============|___/=/_/_/_/

 :: Spring Boot ::                (v3.3.5)

2024-11-14T17:05:01.670+01:00  WARN 8030 --- [stanblog] [           main] ory$DuplicateJsonObjectContextCustomizer : 

Found multiple occurrences of org.json.JSONObject on the class path:

	jar:file:/Users/jurer/.m2/repository/org/json/json/20090211/json-20090211.jar!/org/json/JSONObject.class
	jar:file:/Users/jurer/.m2/repository/com/vaadin/external/google/android-json/0.0.20131108.vaadin1/android-json-0.0.20131108.vaadin1.jar!/org/json/JSONObject.class

You may wish to exclude one of them to ensure predictable runtime behavior

2024-11-14T17:05:01.678+01:00  INFO 8030 --- [stanblog] [           main] h.s.stanblog.StanblogApplicationTests    : Starting StanblogApplicationTests using Java 23.0.1 with PID 8030 (started by jurer in /Users/jurer/Business/webovci/backend/stanblog)
2024-11-14T17:05:01.679+01:00  INFO 8030 --- [stanblog] [           main] h.s.stanblog.StanblogApplicationTests    : No active profile set, falling back to 1 default profile: "default"
2024-11-14T17:05:02.115+01:00  INFO 8030 --- [stanblog] [           main] .s.d.r.c.RepositoryConfigurationDelegate : Bootstrapping Spring Data JPA repositories in DEFAULT mode.
2024-11-14T17:05:02.146+01:00  INFO 8030 --- [stanblog] [           main] .s.d.r.c.RepositoryConfigurationDelegate : Finished Spring Data repository scanning in 26 ms. Found 3 JPA repository interfaces.
2024-11-14T17:05:02.502+01:00  INFO 8030 --- [stanblog] [           main] o.hibernate.jpa.internal.util.LogHelper  : HHH000204: Processing PersistenceUnitInfo [name: default]
2024-11-14T17:05:02.532+01:00  INFO 8030 --- [stanblog] [           main] org.hibernate.Version                    : HHH000412: Hibernate ORM core version 6.5.3.Final
2024-11-14T17:05:02.547+01:00  INFO 8030 --- [stanblog] [           main] o.h.c.internal.RegionFactoryInitiator    : HHH000026: Second-level cache disabled
2024-11-14T17:05:02.708+01:00  INFO 8030 --- [stanblog] [           main] o.s.o.j.p.SpringPersistenceUnitInfo      : No LoadTimeWeaver setup: ignoring JPA class transformer
2024-11-14T17:05:02.720+01:00  INFO 8030 --- [stanblog] [           main] com.zaxxer.hikari.HikariDataSource       : HikariPool-1 - Starting...
2024-11-14T17:05:03.720+01:00  INFO 8030 --- [stanblog] [           main] com.zaxxer.hikari.pool.HikariPool        : HikariPool-1 - Added connection org.postgresql.jdbc.PgConnection@4e26564d
2024-11-14T17:05:03.721+01:00  INFO 8030 --- [stanblog] [           main] com.zaxxer.hikari.HikariDataSource       : HikariPool-1 - Start completed.
2024-11-14T17:05:03.761+01:00  WARN 8030 --- [stanblog] [           main] org.hibernate.orm.deprecation            : HHH90000025: PostgreSQLDialect does not need to be specified explicitly using 'hibernate.dialect' (remove the property setting and it will be selected by default)
2024-11-14T17:05:04.264+01:00  INFO 8030 --- [stanblog] [           main] o.h.e.t.j.p.i.JtaPlatformInitiator       : HHH000489: No JTA platform available (set 'hibernate.transaction.jta.platform' to enable JTA platform integration)
Hibernate: 
    alter table if exists user_apartment_building 
       drop constraint if exists FKfht7yccx5guuh1ho58thqvfnd
2024-11-14T17:05:04.295+01:00  WARN 8030 --- [stanblog] [           main] o.h.engine.jdbc.spi.SqlExceptionHelper   : SQL Warning Code: 0, SQLState: 00000
2024-11-14T17:05:04.295+01:00  WARN 8030 --- [stanblog] [           main] o.h.engine.jdbc.spi.SqlExceptionHelper   : relation "user_apartment_building" does not exist, skipping
Hibernate: 
    alter table if exists user_apartment_building 
       drop constraint if exists FKtgupn4y9rrgh35lhbbhgxwnkn
2024-11-14T17:05:04.323+01:00  WARN 8030 --- [stanblog] [           main] o.h.engine.jdbc.spi.SqlExceptionHelper   : SQL Warning Code: 0, SQLState: 00000
2024-11-14T17:05:04.323+01:00  WARN 8030 --- [stanblog] [           main] o.h.engine.jdbc.spi.SqlExceptionHelper   : relation "user_apartment_building" does not exist, skipping
Hibernate: 
    drop table if exists apartment_building cascade
2024-11-14T17:05:04.346+01:00  WARN 8030 --- [stanblog] [           main] o.h.engine.jdbc.spi.SqlExceptionHelper   : SQL Warning Code: 0, SQLState: 00000
2024-11-14T17:05:04.346+01:00  WARN 8030 --- [stanblog] [           main] o.h.engine.jdbc.spi.SqlExceptionHelper   : table "apartment_building" does not exist, skipping
Hibernate: 
    drop table if exists app_user cascade
2024-11-14T17:05:04.370+01:00  WARN 8030 --- [stanblog] [           main] o.h.engine.jdbc.spi.SqlExceptionHelper   : SQL Warning Code: 0, SQLState: 00000
2024-11-14T17:05:04.370+01:00  WARN 8030 --- [stanblog] [           main] o.h.engine.jdbc.spi.SqlExceptionHelper   : table "app_user" does not exist, skipping
Hibernate: 
    drop table if exists comment cascade
2024-11-14T17:05:04.392+01:00  WARN 8030 --- [stanblog] [           main] o.h.engine.jdbc.spi.SqlExceptionHelper   : SQL Warning Code: 0, SQLState: 00000
2024-11-14T17:05:04.392+01:00  WARN 8030 --- [stanblog] [           main] o.h.engine.jdbc.spi.SqlExceptionHelper   : table "comment" does not exist, skipping
Hibernate: 
    drop table if exists discussion cascade
2024-11-14T17:05:04.414+01:00  WARN 8030 --- [stanblog] [           main] o.h.engine.jdbc.spi.SqlExceptionHelper   : SQL Warning Code: 0, SQLState: 00000
2024-11-14T17:05:04.414+01:00  WARN 8030 --- [stanblog] [           main] o.h.engine.jdbc.spi.SqlExceptionHelper   : table "discussion" does not exist, skipping
Hibernate: 
    drop table if exists user_apartment_building cascade
2024-11-14T17:05:04.437+01:00  WARN 8030 --- [stanblog] [           main] o.h.engine.jdbc.spi.SqlExceptionHelper   : SQL Warning Code: 0, SQLState: 00000
2024-11-14T17:05:04.437+01:00  WARN 8030 --- [stanblog] [           main] o.h.engine.jdbc.spi.SqlExceptionHelper   : table "user_apartment_building" does not exist, skipping
Hibernate: 
    drop table if exists user_discussion cascade
2024-11-14T17:05:04.459+01:00  WARN 8030 --- [stanblog] [           main] o.h.engine.jdbc.spi.SqlExceptionHelper   : SQL Warning Code: 0, SQLState: 00000
2024-11-14T17:05:04.459+01:00  WARN 8030 --- [stanblog] [           main] o.h.engine.jdbc.spi.SqlExceptionHelper   : table "user_discussion" does not exist, skipping
Hibernate: 
    drop table if exists user_voting cascade
2024-11-14T17:05:04.481+01:00  WARN 8030 --- [stanblog] [           main] o.h.engine.jdbc.spi.SqlExceptionHelper   : SQL Warning Code: 0, SQLState: 00000
2024-11-14T17:05:04.481+01:00  WARN 8030 --- [stanblog] [           main] o.h.engine.jdbc.spi.SqlExceptionHelper   : table "user_voting" does not exist, skipping
Hibernate: 
    drop table if exists voting cascade
2024-11-14T17:05:04.504+01:00  WARN 8030 --- [stanblog] [           main] o.h.engine.jdbc.spi.SqlExceptionHelper   : SQL Warning Code: 0, SQLState: 00000
2024-11-14T17:05:04.504+01:00  WARN 8030 --- [stanblog] [           main] o.h.engine.jdbc.spi.SqlExceptionHelper   : table "voting" does not exist, skipping
Hibernate: 
    drop sequence if exists apartment_building_seq
2024-11-14T17:05:04.527+01:00  WARN 8030 --- [stanblog] [           main] o.h.engine.jdbc.spi.SqlExceptionHelper   : SQL Warning Code: 0, SQLState: 00000
2024-11-14T17:05:04.527+01:00  WARN 8030 --- [stanblog] [           main] o.h.engine.jdbc.spi.SqlExceptionHelper   : sequence "apartment_building_seq" does not exist, skipping
Hibernate: 
    drop sequence if exists app_user_seq
2024-11-14T17:05:04.550+01:00  WARN 8030 --- [stanblog] [           main] o.h.engine.jdbc.spi.SqlExceptionHelper   : SQL Warning Code: 0, SQLState: 00000
2024-11-14T17:05:04.550+01:00  WARN 8030 --- [stanblog] [           main] o.h.engine.jdbc.spi.SqlExceptionHelper   : sequence "app_user_seq" does not exist, skipping
Hibernate: 
    drop sequence if exists user_apartment_building_seq
2024-11-14T17:05:04.575+01:00  WARN 8030 --- [stanblog] [           main] o.h.engine.jdbc.spi.SqlExceptionHelper   : SQL Warning Code: 0, SQLState: 00000
2024-11-14T17:05:04.576+01:00  WARN 8030 --- [stanblog] [           main] o.h.engine.jdbc.spi.SqlExceptionHelper   : sequence "user_apartment_building_seq" does not exist, skipping
Hibernate: 
    create sequence apartment_building_seq start with 1 increment by 50
Hibernate: 
    create sequence app_user_seq start with 1 increment by 50
Hibernate: 
    create sequence user_apartment_building_seq start with 1 increment by 50
Hibernate: 
    create table apartment_building (
        number_of_individual_apartments integer not null,
        zip_code integer not null,
        id bigint not null,
        address varchar(255),
        city varchar(255),
        primary key (id)
    )
Hibernate: 
    create table app_user (
        user_role smallint check (user_role between 0 and 1),
        id bigint not null,
        email varchar(255),
        first_name varchar(255),
        last_name varchar(255),
        primary key (id)
    )
Hibernate: 
    create table comment (
        id bigint not null,
        primary key (id)
    )
Hibernate: 
    create table discussion (
        id bigint not null,
        primary key (id)
    )
Hibernate: 
    create table user_apartment_building (
        is_representative boolean,
        apartment_building_id bigint,
        id bigint not null,
        user_id bigint,
        primary key (id)
    )
Hibernate: 
    create table user_discussion (
        id bigint not null,
        primary key (id)
    )
Hibernate: 
    create table user_voting (
        id bigint not null,
        primary key (id)
    )
Hibernate: 
    create table voting (
        id bigint not null,
        primary key (id)
    )
Hibernate: 
    alter table if exists user_apartment_building 
       add constraint FKfht7yccx5guuh1ho58thqvfnd 
       foreign key (apartment_building_id) 
       references apartment_building
Hibernate: 
    alter table if exists user_apartment_building 
       add constraint FKtgupn4y9rrgh35lhbbhgxwnkn 
       foreign key (user_id) 
       references app_user
2024-11-14T17:05:04.960+01:00  INFO 8030 --- [stanblog] [           main] j.LocalContainerEntityManagerFactoryBean : Initialized JPA EntityManagerFactory for persistence unit 'default'
2024-11-14T17:05:05.304+01:00  WARN 8030 --- [stanblog] [           main] JpaBaseConfiguration$JpaWebConfiguration : spring.jpa.open-in-view is enabled by default. Therefore, database queries may be performed during view rendering. Explicitly configure spring.jpa.open-in-view to disable this warning
2024-11-14T17:05:05.358+01:00  WARN 8030 --- [stanblog] [           main] s.w.s.m.m.a.RequestMappingHandlerMapping : Multiple @RequestMapping annotations found on public org.springframework.http.ResponseEntity hr.stanblog.stanblog.api.UserController.addNewUser(hr.stanblog.stanblog.dto.UserDto), but only the first will be used: [@org.springframework.web.bind.annotation.RequestMapping(consumes={}, headers={}, method={}, name="", params={}, path={"/addNew"}, produces={}, value={"/addNew"}), @org.springframework.web.bind.annotation.PostMapping(consumes={}, headers={}, name="", params={}, path={}, produces={}, value={})]
2024-11-14T17:05:05.359+01:00  WARN 8030 --- [stanblog] [           main] s.w.s.m.m.a.RequestMappingHandlerMapping : Multiple @RequestMapping annotations found on public org.springframework.http.ResponseEntity hr.stanblog.stanblog.api.UserController.addUserToABuilding(hr.stanblog.stanblog.dto.UserApartmentBuildingDto), but only the first will be used: [@org.springframework.web.bind.annotation.RequestMapping(consumes={}, headers={}, method={}, name="", params={}, path={"/addUserBuilding"}, produces={}, value={"/addUserBuilding"}), @org.springframework.web.bind.annotation.PostMapping(consumes={}, headers={}, name="", params={}, path={}, produces={}, value={})]
2024-11-14T17:05:05.359+01:00  WARN 8030 --- [stanblog] [           main] s.w.s.m.m.a.RequestMappingHandlerMapping : Multiple @RequestMapping annotations found on public org.springframework.http.ResponseEntity hr.stanblog.stanblog.api.UserController.addNewUserToABuilding(hr.stanblog.stanblog.model.UserApartmentBuilding), but only the first will be used: [@org.springframework.web.bind.annotation.RequestMapping(consumes={}, headers={}, method={}, name="", params={}, path={"/addNewUserBuilding"}, produces={}, value={"/addNewUserBuilding"}), @org.springframework.web.bind.annotation.PostMapping(consumes={}, headers={}, name="", params={}, path={}, produces={}, value={})]
2024-11-14T17:05:05.725+01:00  INFO 8030 --- [stanblog] [           main] o.s.b.a.e.web.EndpointLinksResolver      : Exposing 1 endpoint beneath base path '/actuator'
2024-11-14T17:05:05.767+01:00  INFO 8030 --- [stanblog] [           main] h.s.stanblog.StanblogApplicationTests    : Started StanblogApplicationTests in 4.208 seconds (process running for 4.686)
]]></system-out>
    <system-err><![CDATA[WARNING: A Java agent has been loaded dynamically (/Users/jurer/.m2/repository/net/bytebuddy/byte-buddy-agent/1.14.19/byte-buddy-agent-1.14.19.jar)
WARNING: If a serviceability tool is in use, please run with -XX:+EnableDynamicAgentLoading to hide this warning
WARNING: If a serviceability tool is not in use, please run with -Djdk.instrument.traceUsage for more information
WARNING: Dynamic loading of agents will be disallowed by default in a future release
]]></system-err>
  </testcase>
</testsuite>